c:\users\katal\source\repos\parrotias-downloader\parrotias-downloader\x64\debug\vc142.pdb
c:\users\katal\source\repos\parrotias-downloader\parrotias-downloader\x64\debug\vc142.idb
c:\users\katal\source\repos\parrotias-downloader\parrotias-downloader\x64\debug\parrotias-downloader.obj
c:\users\katal\source\repos\parrotias-downloader\x64\debug\parrotias-downloader.lib
c:\users\katal\source\repos\parrotias-downloader\parrotias-downloader\x64\debug\parrotias-downloader.ilk
c:\users\katal\source\repos\parrotias-downloader\x64\debug\parrotias-downloader.exe
c:\users\katal\source\repos\parrotias-downloader\x64\debug\parrotias-downloader.pdb
c:\users\katal\source\repos\parrotias-downloader\x64\debug\libcurl-d.dll
c:\users\katal\source\repos\parrotias-downloader\x64\debug\zlibd1.dll
c:\users\katal\source\repos\parrotias-downloader\x64\debug\zip.dll
c:\users\katal\source\repos\parrotias-downloader\x64\debug\bz2d.dll
c:\users\katal\source\repos\parrotias-downloader\parrotias-downloader\x64\debug\parrotia.449b767f.tlog\cl.command.1.tlog
c:\users\katal\source\repos\parrotias-downloader\parrotias-downloader\x64\debug\parrotia.449b767f.tlog\cl.read.1.tlog
c:\users\katal\source\repos\parrotias-downloader\parrotias-downloader\x64\debug\parrotia.449b767f.tlog\cl.write.1.tlog
c:\users\katal\source\repos\parrotias-downloader\parrotias-downloader\x64\debug\parrotia.449b767f.tlog\lib-link.read.1.tlog
c:\users\katal\source\repos\parrotias-downloader\parrotias-downloader\x64\debug\parrotia.449b767f.tlog\lib-link.write.1.tlog
c:\users\katal\source\repos\parrotias-downloader\parrotias-downloader\x64\debug\parrotia.449b767f.tlog\lib.command.1.tlog
c:\users\katal\source\repos\parrotias-downloader\parrotias-downloader\x64\debug\parrotia.449b767f.tlog\link.command.1.tlog
c:\users\katal\source\repos\parrotias-downloader\parrotias-downloader\x64\debug\parrotia.449b767f.tlog\link.read.1.tlog
c:\users\katal\source\repos\parrotias-downloader\parrotias-downloader\x64\debug\parrotia.449b767f.tlog\link.write.1.tlog
c:\users\katal\source\repos\parrotias-downloader\parrotias-downloader\x64\debug\parrotia.449b767f.tlog\parrotias-downloader.write.1u.tlog
